TLC2 Version 2026.05.26.235334 (rev: 4ba7d88)
Running breadth-first search Model-Checking with fp 15 and seed 8485780374240949020 with 16 workers on 16 cores with 10923MB heap and 64MB offheap memory [pid: 90959] (Mac OS X 26.5 aarch64, Homebrew 25.0.2 64bit, MSBDiskFPSet, DiskStateQueue).
Parsing file /Volumes/sources/flts/spec/roster/MC.tla
Parsing file /Volumes/sources/flts/spec/roster/base.tla
Parsing file /private/var/folders/5t/8jh3l9wd4tx8q8d48vd8923r0000gn/T/tlc-11113665225244387018/_TLCTrace.tla (jar:file:/Volumes/sources/Specula/lib/tla2tools.jar!/tla2sany/StandardModules/_TLCTrace.tla)
Parsing file /private/var/folders/5t/8jh3l9wd4tx8q8d48vd8923r0000gn/T/tlc-11113665225244387018/Naturals.tla (jar:file:/Volumes/sources/Specula/lib/tla2tools.jar!/tla2sany/StandardModules/Naturals.tla)
Parsing file /private/var/folders/5t/8jh3l9wd4tx8q8d48vd8923r0000gn/T/tlc-11113665225244387018/FiniteSets.tla (jar:file:/Volumes/sources/Specula/lib/tla2tools.jar!/tla2sany/StandardModules/FiniteSets.tla)
Parsing file /private/var/folders/5t/8jh3l9wd4tx8q8d48vd8923r0000gn/T/tlc-11113665225244387018/TLC.tla (jar:file:/Volumes/sources/Specula/lib/tla2tools.jar!/tla2sany/StandardModules/TLC.tla)
Parsing file /private/var/folders/5t/8jh3l9wd4tx8q8d48vd8923r0000gn/T/tlc-11113665225244387018/Sequences.tla (jar:file:/Volumes/sources/Specula/lib/tla2tools.jar!/tla2sany/StandardModules/Sequences.tla)
Parsing file /private/var/folders/5t/8jh3l9wd4tx8q8d48vd8923r0000gn/T/tlc-11113665225244387018/TLCExt.tla (jar:file:/Volumes/sources/Specula/lib/tla2tools.jar!/tla2sany/StandardModules/TLCExt.tla)
Parsing file /private/var/folders/5t/8jh3l9wd4tx8q8d48vd8923r0000gn/T/tlc-11113665225244387018/Integers.tla (jar:file:/Volumes/sources/Specula/lib/tla2tools.jar!/tla2sany/StandardModules/Integers.tla)
Semantic processing of module Naturals
Semantic processing of module Sequences
Semantic processing of module FiniteSets
Semantic processing of module TLC
Semantic processing of module base
Semantic processing of module Integers
Semantic processing of module TLCExt
Semantic processing of module _TLCTrace
Semantic processing of module MC
Linting of module base
Linting of module TLCExt
Linting of module _TLCTrace
Linting of module MC
Starting... (2026-05-31 16:32:54)
Computing initial states...
Finished computing initial states: 1 distinct state generated at 2026-05-31 16:32:54.
Progress(10) at 2026-05-31 16:32:57: 1,012,357 states generated (1,012,357 s/min), 505,100 distinct states found (505,100 ds/min), 260,573 states left on queue.
Model checking completed. No error has been found.
  Estimates of the probability that TLC did not check all reachable states
  because two distinct states had the same fingerprint:
  calculated (optimistic):  val = 1.2E-7
  based on the actual fingerprints:  val = 1.0E-7
3044998 states generated, 1083070 distinct states found, 0 states left on queue.
The depth of the complete state graph search is 15.
The average outdegree of the complete state graph is 1 (minimum is 0, the maximum 31 and the 95th percentile is 3).
Finished in 09s at (2026-05-31 16:33:03)
